<?xml version="1.0" encoding="UTF-8" ?>
<testsuite errors="0" skipped="0" tests="8" time="0.11" failures="0" name="sudoku.validator.SudokuValidatorTest">
  <properties>
[...]
</properties>
  <testcase classname="sudoku.validator.SudokuValidatorTest" time="0.032" name="incorrectNumber11InSudokuGridFromFile"/>
  <testcase classname="sudoku.validator.SudokuValidatorTest" time="0.015" name="invalidSudokuGridFromFile"/>
  <testcase classname="sudoku.validator.SudokuValidatorTest" time="0.016" name="invalidSudoku2GridFromFile"/>
  <testcase classname="sudoku.validator.SudokuValidatorTest" time="0" name="nonExistentSudokuGridFile"/>
  <testcase classname="sudoku.validator.SudokuValidatorTest" time="0.016" name="validSudokuGrid2"/>
  <testcase classname="sudoku.validator.SudokuValidatorTest" time="0" name="not9x9SudokuGridFromFile"/>
  <testcase classname="sudoku.validator.SudokuValidatorTest" time="0.015" name="incorrectCharacterInSudokuGridFromFile"/>
  <testcase classname="sudoku.validator.SudokuValidatorTest" time="0.016" name="validSudokuGrid"/>
</testsuite>